~~~ Day 1 ~~~
Logins:D:3:3:
Time online:C:191.86:2:
Emails sent:D:10:1:
Emails opened:D:12:1:
Emails deteled:D:8:2:
~~~ Day 2 ~~~
Logins:D:3:3:
Time online:C:119.66:2:
Emails sent:D:9:1:
Emails opened:D:16:1:
Emails deteled:D:6:2:
~~~ Day 3 ~~~
Logins:D:3:3:
Time online:C:122.33:2:
Emails sent:D:13:1:
Emails opened:D:13:1:
Emails deteled:D:8:2:
~~~ Day 4 ~~~
Logins:D:4:3:
Time online:C:165.41:2:
Emails sent:D:7:1:
Emails opened:D:9:1:
Emails deteled:D:7:2:
~~~ Day 5 ~~~
Logins:D:5:3:
Time online:C:140.02:2:
Emails sent:D:7:1:
Emails opened:D:14:1:
Emails deteled:D:7:2:
~~~ Day 6 ~~~
Logins:D:4:3:
Time online:C:127.69:2:
Emails sent:D:5:1:
Emails opened:D:5:1:
Emails deteled:D:9:2:
~~~ Day 7 ~~~
Logins:D:5:3:
Time online:C:117.61:2:
Emails sent:D:12:1:
Emails opened:D:7:1:
Emails deteled:D:9:2:
~~~ Day 8 ~~~
Logins:D:5:3:
Time online:C:164.04:2:
Emails sent:D:6:1:
Emails opened:D:4:1:
Emails deteled:D:9:2:
~~~ Day 9 ~~~
Logins:D:3:3:
Time online:C:115.23:2:
Emails sent:D:7:1:
Emails opened:D:12:1:
Emails deteled:D:10:2:
~~~ Day 10 ~~~
Logins:D:4:3:
Time online:C:140.87:2:
Emails sent:D:8:1:
Emails opened:D:9:1:
Emails deteled:D:8:2:
~~~ Day 11 ~~~
Logins:D:3:3:
Time online:C:176.86:2:
Emails sent:D:10:1:
Emails opened:D:15:1:
Emails deteled:D:9:2:
~~~ Day 12 ~~~
Logins:D:5:3:
Time online:C:160.38:2:
Emails sent:D:15:1:
Emails opened:D:6:1:
Emails deteled:D:7:2:
~~~ Day 13 ~~~
Logins:D:2:3:
Time online:C:151.74:2:
Emails sent:D:6:1:
Emails opened:D:9:1:
Emails deteled:D:6:2:
~~~ Day 14 ~~~
Logins:D:4:3:
Time online:C:140.83:2:
Emails sent:D:16:1:
Emails opened:D:12:1:
Emails deteled:D:9:2:
~~~ Day 15 ~~~
Logins:D:3:3:
Time online:C:138.52:2:
Emails sent:D:11:1:
Emails opened:D:11:1:
Emails deteled:D:8:2:
~~~ Day 16 ~~~
Logins:D:5:3:
Time online:C:168.52:2:
Emails sent:D:7:1:
Emails opened:D:5:1:
Emails deteled:D:7:2:
~~~ Day 17 ~~~
Logins:D:4:3:
Time online:C:146.02:2:
Emails sent:D:5:1:
Emails opened:D:14:1:
Emails deteled:D:8:2:
~~~ Day 18 ~~~
Logins:D:6:3:
Time online:C:142.24:2:
Emails sent:D:8:1:
Emails opened:D:11:1:
Emails deteled:D:8:2:
~~~ Day 19 ~~~
Logins:D:2:3:
Time online:C:147.37:2:
Emails sent:D:9:1:
Emails opened:D:8:1:
Emails deteled:D:11:2:
~~~ Day 20 ~~~
Logins:D:3:3:
Time online:C:110.73:2:
Emails sent:D:4:1:
Emails opened:D:4:1:
Emails deteled:D:9:2:
~~~ Day 21 ~~~
Logins:D:3:3:
Time online:C:157.92:2:
Emails sent:D:10:1:
Emails opened:D:7:1:
Emails deteled:D:10:2:
~~~ Day 22 ~~~
Logins:D:4:3:
Time online:C:151.82:2:
Emails sent:D:9:1:
Emails opened:D:7:1:
Emails deteled:D:9:2:
~~~ Day 23 ~~~
Logins:D:4:3:
Time online:C:173.32:2:
Emails sent:D:14:1:
Emails opened:D:9:1:
Emails deteled:D:3:2:
~~~ Day 24 ~~~
Logins:D:4:3:
Time online:C:146.77:2:
Emails sent:D:6:1:
Emails opened:D:12:1:
Emails deteled:D:7:2:
~~~ Day 25 ~~~
Logins:D:5:3:
Time online:C:142.61:2:
Emails sent:D:11:1:
Emails opened:D:9:1:
Emails deteled:D:9:2:
~~~ Day 26 ~~~
Logins:D:4:3:
Time online:C:185.00:2:
Emails sent:D:12:1:
Emails opened:D:7:1:
Emails deteled:D:12:2:
~~~ Day 27 ~~~
Logins:D:5:3:
Time online:C:153.08:2:
Emails sent:D:11:1:
Emails opened:D:20:1:
Emails deteled:D:10:2:
~~~ Day 28 ~~~
Logins:D:4:3:
Time online:C:131.07:2:
Emails sent:D:14:1:
Emails opened:D:7:1:
Emails deteled:D:7:2:
~~~ Day 29 ~~~
Logins:D:3:3:
Time online:C:160.45:2:
Emails sent:D:14:1:
Emails opened:D:19:1:
Emails deteled:D:7:2:
~~~ Day 30 ~~~
Logins:D:5:3:
Time online:C:149.91:2:
Emails sent:D:10:1:
Emails opened:D:15:1:
Emails deteled:D:7:2:
~~~ Day 31 ~~~
Logins:D:4:3:
Time online:C:142.60:2:
Emails sent:D:8:1:
Emails opened:D:12:1:
Emails deteled:D:9:2:
~~~ Day 32 ~~~
Logins:D:3:3:
Time online:C:172.60:2:
Emails sent:D:7:1:
Emails opened:D:16:1:
Emails deteled:D:4:2:
~~~ Day 33 ~~~
Logins:D:3:3:
Time online:C:139.47:2:
Emails sent:D:11:1:
Emails opened:D:13:1:
Emails deteled:D:11:2:
~~~ Day 34 ~~~
Logins:D:6:3:
Time online:C:164.29:2:
Emails sent:D:11:1:
Emails opened:D:12:1:
Emails deteled:D:11:2:
~~~ Day 35 ~~~
Logins:D:4:3:
Time online:C:157.75:2:
Emails sent:D:11:1:
Emails opened:D:10:1:
Emails deteled:D:8:2:
~~~ Day 36 ~~~
Logins:D:4:3:
Time online:C:132.90:2:
Emails sent:D:11:1:
Emails opened:D:15:1:
Emails deteled:D:8:2:
~~~ Day 37 ~~~
Logins:D:5:3:
Time online:C:175.57:2:
Emails sent:D:9:1:
Emails opened:D:8:1:
Emails deteled:D:6:2:
~~~ Day 38 ~~~
Logins:D:3:3:
Time online:C:117.42:2:
Emails sent:D:11:1:
Emails opened:D:6:1:
Emails deteled:D:6:2:
~~~ Day 39 ~~~
Logins:D:4:3:
Time online:C:133.69:2:
Emails sent:D:15:1:
Emails opened:D:6:1:
Emails deteled:D:7:2:
~~~ Day 40 ~~~
Logins:D:5:3:
Time online:C:182.42:2:
Emails sent:D:3:1:
Emails opened:D:14:1:
Emails deteled:D:9:2:
~~~ Day 41 ~~~
Logins:D:4:3:
Time online:C:161.05:2:
Emails sent:D:10:1:
Emails opened:D:5:1:
Emails deteled:D:6:2:
~~~ Day 42 ~~~
Logins:D:5:3:
Time online:C:126.47:2:
Emails sent:D:10:1:
Emails opened:D:15:1:
Emails deteled:D:4:2:
~~~ Day 43 ~~~
Logins:D:3:3:
Time online:C:178.94:2:
Emails sent:D:9:1:
Emails opened:D:15:1:
Emails deteled:D:7:2:
~~~ Day 44 ~~~
Logins:D:5:3:
Time online:C:156.67:2:
Emails sent:D:9:1:
Emails opened:D:13:1:
Emails deteled:D:6:2:
~~~ Day 45 ~~~
Logins:D:4:3:
Time online:C:140.80:2:
Emails sent:D:13:1:
Emails opened:D:11:1:
Emails deteled:D:8:2:
~~~ Day 46 ~~~
Logins:D:5:3:
Time online:C:175.90:2:
Emails sent:D:9:1:
Emails opened:D:12:1:
Emails deteled:D:7:2:
~~~ Day 47 ~~~
Logins:D:3:3:
Time online:C:162.20:2:
Emails sent:D:12:1:
Emails opened:D:18:1:
Emails deteled:D:10:2:
~~~ Day 48 ~~~
Logins:D:5:3:
Time online:C:162.69:2:
Emails sent:D:12:1:
Emails opened:D:17:1:
Emails deteled:D:6:2:
~~~ Day 49 ~~~
Logins:D:3:3:
Time online:C:141.61:2:
Emails sent:D:10:1:
Emails opened:D:14:1:
Emails deteled:D:8:2:
~~~ Day 50 ~~~
Logins:D:4:3:
Time online:C:150.16:2:
Emails sent:D:4:1:
Emails opened:D:9:1:
Emails deteled:D:7:2:
~~~ Day 51 ~~~
Logins:D:4:3:
Time online:C:138.09:2:
Emails sent:D:9:1:
Emails opened:D:18:1:
Emails deteled:D:8:2:
~~~ Day 52 ~~~
Logins:D:4:3:
Time online:C:159.37:2:
Emails sent:D:10:1:
Emails opened:D:14:1:
Emails deteled:D:6:2:
~~~ Day 53 ~~~
Logins:D:5:3:
Time online:C:150.84:2:
Emails sent:D:11:1:
Emails opened:D:13:1:
Emails deteled:D:7:2:
~~~ Day 54 ~~~
Logins:D:4:3:
Time online:C:201.84:2:
Emails sent:D:14:1:
Emails opened:D:6:1:
Emails deteled:D:9:2:
~~~ Day 55 ~~~
Logins:D:4:3:
Time online:C:107.68:2:
Emails sent:D:13:1:
Emails opened:D:10:1:
Emails deteled:D:6:2:
~~~ Day 56 ~~~
Logins:D:4:3:
Time online:C:154.59:2:
Emails sent:D:12:1:
Emails opened:D:17:1:
Emails deteled:D:4:2:
~~~ Day 57 ~~~
Logins:D:4:3:
Time online:C:169.48:2:
Emails sent:D:10:1:
Emails opened:D:14:1:
Emails deteled:D:5:2:
~~~ Day 58 ~~~
Logins:D:2:3:
Time online:C:108.26:2:
Emails sent:D:14:1:
Emails opened:D:17:1:
Emails deteled:D:8:2:
~~~ Day 59 ~~~
Logins:D:5:3:
Time online:C:191.05:2:
Emails sent:D:11:1:
Emails opened:D:9:1:
Emails deteled:D:6:2:
~~~ Day 60 ~~~
Logins:D:4:3:
Time online:C:194.80:2:
Emails sent:D:8:1:
Emails opened:D:14:1:
Emails deteled:D:8:2:
~~~ Day 61 ~~~
Logins:D:4:3:
Time online:C:152.29:2:
Emails sent:D:11:1:
Emails opened:D:14:1:
Emails deteled:D:11:2:
~~~ Day 62 ~~~
Logins:D:3:3:
Time online:C:168.38:2:
Emails sent:D:7:1:
Emails opened:D:11:1:
Emails deteled:D:7:2:
~~~ Day 63 ~~~
Logins:D:4:3:
Time online:C:175.28:2:
Emails sent:D:8:1:
Emails opened:D:5:1:
Emails deteled:D:6:2:
~~~ Day 64 ~~~
Logins:D:6:3:
Time online:C:183.15:2:
Emails sent:D:13:1:
Emails opened:D:14:1:
Emails deteled:D:8:2:
~~~ Day 65 ~~~
Logins:D:3:3:
Time online:C:175.24:2:
Emails sent:D:9:1:
Emails opened:D:4:1:
Emails deteled:D:8:2:
~~~ Day 66 ~~~
Logins:D:3:3:
Time online:C:95.32:2:
Emails sent:D:6:1:
Emails opened:D:14:1:
Emails deteled:D:6:2:
~~~ Day 67 ~~~
Logins:D:5:3:
Time online:C:130.94:2:
Emails sent:D:10:1:
Emails opened:D:11:1:
Emails deteled:D:8:2:
~~~ Day 68 ~~~
Logins:D:5:3:
Time online:C:185.95:2:
Emails sent:D:12:1:
Emails opened:D:6:1:
Emails deteled:D:8:2:
~~~ Day 69 ~~~
Logins:D:5:3:
Time online:C:165.92:2:
Emails sent:D:10:1:
Emails opened:D:17:1:
Emails deteled:D:6:2:
~~~ Day 70 ~~~
Logins:D:4:3:
Time online:C:188.02:2:
Emails sent:D:12:1:
Emails opened:D:7:1:
Emails deteled:D:6:2:
~~~ Day 71 ~~~
Logins:D:6:3:
Time online:C:156.54:2:
Emails sent:D:18:1:
Emails opened:D:11:1:
Emails deteled:D:7:2:
~~~ Day 72 ~~~
Logins:D:3:3:
Time online:C:123.48:2:
Emails sent:D:8:1:
Emails opened:D:16:1:
Emails deteled:D:6:2:
~~~ Day 73 ~~~
Logins:D:5:3:
Time online:C:192.95:2:
Emails sent:D:8:1:
Emails opened:D:20:1:
Emails deteled:D:8:2:
~~~ Day 74 ~~~
Logins:D:4:3:
Time online:C:148.74:2:
Emails sent:D:14:1:
Emails opened:D:1:1:
Emails deteled:D:5:2:
~~~ Day 75 ~~~
Logins:D:4:3:
Time online:C:129.33:2:
Emails sent:D:9:1:
Emails opened:D:10:1:
Emails deteled:D:9:2:
~~~ Day 76 ~~~
Logins:D:3:3:
Time online:C:151.46:2:
Emails sent:D:14:1:
Emails opened:D:11:1:
Emails deteled:D:6:2:
~~~ Day 77 ~~~
Logins:D:1:3:
Time online:C:204.56:2:
Emails sent:D:12:1:
Emails opened:D:7:1:
Emails deteled:D:5:2:
~~~ Day 78 ~~~
Logins:D:5:3:
Time online:C:150.64:2:
Emails sent:D:8:1:
Emails opened:D:6:1:
Emails deteled:D:6:2:
~~~ Day 79 ~~~
Logins:D:5:3:
Time online:C:127.16:2:
Emails sent:D:7:1:
Emails opened:D:13:1:
Emails deteled:D:7:2:
~~~ Day 80 ~~~
Logins:D:5:3:
Time online:C:171.11:2:
Emails sent:D:12:1:
Emails opened:D:14:1:
Emails deteled:D:8:2:
~~~ Day 81 ~~~
Logins:D:3:3:
Time online:C:188.31:2:
Emails sent:D:4:1:
Emails opened:D:12:1:
Emails deteled:D:5:2:
~~~ Day 82 ~~~
Logins:D:4:3:
Time online:C:141.90:2:
Emails sent:D:12:1:
Emails opened:D:9:1:
Emails deteled:D:10:2:
~~~ Day 83 ~~~
Logins:D:5:3:
Time online:C:147.76:2:
Emails sent:D:12:1:
Emails opened:D:10:1:
Emails deteled:D:11:2:
~~~ Day 84 ~~~
Logins:D:6:3:
Time online:C:166.02:2:
Emails sent:D:13:1:
Emails opened:D:16:1:
Emails deteled:D:7:2:
~~~ Day 85 ~~~
Logins:D:4:3:
Time online:C:129.05:2:
Emails sent:D:9:1:
Emails opened:D:10:1:
Emails deteled:D:7:2:
~~~ Day 86 ~~~
Logins:D:3:3:
Time online:C:130.00:2:
Emails sent:D:13:1:
Emails opened:D:7:1:
Emails deteled:D:9:2:
~~~ Day 87 ~~~
Logins:D:4:3:
Time online:C:154.48:2:
Emails sent:D:7:1:
Emails opened:D:7:1:
Emails deteled:D:8:2:
~~~ Day 88 ~~~
Logins:D:4:3:
Time online:C:186.96:2:
Emails sent:D:14:1:
Emails opened:D:11:1:
Emails deteled:D:6:2:
~~~ Day 89 ~~~
Logins:D:5:3:
Time online:C:124.47:2:
Emails sent:D:10:1:
Emails opened:D:9:1:
Emails deteled:D:8:2:
~~~ Day 90 ~~~
Logins:D:5:3:
Time online:C:141.23:2:
Emails sent:D:6:1:
Emails opened:D:7:1:
Emails deteled:D:7:2:
~~~ Day 91 ~~~
Logins:D:3:3:
Time online:C:141.81:2:
Emails sent:D:5:1:
Emails opened:D:10:1:
Emails deteled:D:4:2:
~~~ Day 92 ~~~
Logins:D:4:3:
Time online:C:124.40:2:
Emails sent:D:13:1:
Emails opened:D:16:1:
Emails deteled:D:3:2:
~~~ Day 93 ~~~
Logins:D:4:3:
Time online:C:171.54:2:
Emails sent:D:11:1:
Emails opened:D:5:1:
Emails deteled:D:7:2:
~~~ Day 94 ~~~
Logins:D:3:3:
Time online:C:114.69:2:
Emails sent:D:12:1:
Emails opened:D:13:1:
Emails deteled:D:4:2:
~~~ Day 95 ~~~
Logins:D:6:3:
Time online:C:183.40:2:
Emails sent:D:12:1:
Emails opened:D:12:1:
Emails deteled:D:8:2:
~~~ Day 96 ~~~
Logins:D:4:3:
Time online:C:171.03:2:
Emails sent:D:6:1:
Emails opened:D:11:1:
Emails deteled:D:5:2:
~~~ Day 97 ~~~
Logins:D:4:3:
Time online:C:85.38:2:
Emails sent:D:10:1:
Emails opened:D:11:1:
Emails deteled:D:7:2:
~~~ Day 98 ~~~
Logins:D:4:3:
Time online:C:136.88:2:
Emails sent:D:16:1:
Emails opened:D:16:1:
Emails deteled:D:8:2:
~~~ Day 99 ~~~
Logins:D:3:3:
Time online:C:141.13:2:
Emails sent:D:12:1:
Emails opened:D:10:1:
Emails deteled:D:6:2:
~~~ Day 100 ~~~
Logins:D:5:3:
Time online:C:6.64:2:
Emails sent:D:9:1:
Emails opened:D:5:1:
Emails deteled:D:8:2:
